<?xml version="1.0" encoding="UTF-8"?>
<testng-results ignored="0" total="1" passed="1" failed="0" skipped="0">
  <reporter-output>
  </reporter-output>
  <suite started-at="2026-06-22T14:44:09 IST" name="Default suite" finished-at="2026-06-22T14:44:23 IST" duration-ms="13415">
    <groups>
    </groups>
    <test started-at="2026-06-22T14:44:09 IST" name="Default test" finished-at="2026-06-22T14:44:23 IST" duration-ms="13415">
      <class name="javaPackage.TestWebDriverManager">
        <test-method signature="a()[pri:0, instance:javaPackage.TestWebDriverManager@799f10e1]" started-at="2026-06-22T14:44:09 IST" name="a" finished-at="2026-06-22T14:44:23 IST" duration-ms="13348" status="PASS">
          <reporter-output>
          </reporter-output>
        </test-method> <!-- a -->
      </class> <!-- javaPackage.TestWebDriverManager -->
    </test> <!-- Default test -->
  </suite> <!-- Default suite -->
</testng-results>
